<?xml version="1.0" encoding="UTF-8"?>
<!-- Generated by org.testng.reporters.JUnitReportReporter -->
<testsuite hostname="veereshangadi" failures="0" tests="2" name="TestNG.DataProvider" time="0.026" errors="0" timestamp="2024-12-18T08:05:44 IST" skipped="0">
  <testcase classname="TestNG.DataProvider" name="bookTickets" time="0.023"/>
  <system-out/>
  <testcase classname="TestNG.DataProvider" name="bookTickets" time="0.003"/>
  <system-out/>
</testsuite> <!-- TestNG.DataProvider -->
