<?xml version="1.0" encoding="UTF-8"?>
<!-- Generated by org.testng.reporters.JUnitReportReporter -->
<testsuite hostname="veereshangadi" failures="0" tests="1" name="PracticeSession.Popups" time="8.690" errors="0" timestamp="2024-12-04T20:57:51 IST" skipped="0">
  <testcase classname="PracticeSession.Popups" name="Popup" time="8.690"/>
  <system-out/>
</testsuite> <!-- PracticeSession.Popups -->
