<?xml version="1.0" encoding="UTF-8"?>
<!-- Generated by org.testng.reporters.JUnitReportReporter -->
<testsuite hostname="veereshangadi" failures="0" tests="1" name="TestNG.DataProviderEx2" time="0.000" errors="0" timestamp="2024-12-19T10:48:48 IST" skipped="1">
  <testcase classname="TestNG.DataProviderEx2" name="createOrganization" time="0.000">
    <skipped/>
  </testcase> <!-- createOrganization -->
  <system-out/>
</testsuite> <!-- TestNG.DataProviderEx2 -->
