<?xml version="1.0" encoding="UTF-8"?>
<!-- Generated by org.testng.reporters.JUnitReportReporter -->
<testsuite hostname="veereshangadi" failures="0" tests="4" name="TestNG.SampleTest2" time="0.011" errors="0" timestamp="2024-12-21T08:00:48 IST" skipped="1">
  <testcase classname="TestNG.SampleTest2" name="createContact" time="0.004"/>
  <system-out/>
  <testcase classname="TestNG.SampleTest2" name="createContact" time="0.004"/>
  <system-out/>
  <testcase classname="TestNG.SampleTest2" name="createContact" time="0.003"/>
  <system-out/>
  <testcase classname="TestNG.SampleTest2" name="modifyContact">
    <skipped/>
  </testcase> <!-- modifyContact -->
  <system-out/>
</testsuite> <!-- TestNG.SampleTest2 -->
