<?xml version="1.0" encoding="UTF-8"?>
<!-- Generated by org.testng.reporters.JUnitReportReporter -->
<testsuite hostname="veereshangadi" failures="0" tests="1" name="Generic_Utility.BaseClass" time="14.886" errors="0" timestamp="2024-12-20T07:40:16 IST" skipped="0">
  <testcase classname="Generic_Utility.BaseClass" name="Bm" time="14.886"/>
  <system-out/>
</testsuite> <!-- Generic_Utility.BaseClass -->
