<?xml version="1.0" encoding="UTF-8"?>
<!-- Generated by org.testng.reporters.JUnitReportReporter -->
<testsuite hostname="veereshangadi" failures="0" tests="3" name="TestNG.DataProviderEx3" time="0.017" errors="0" timestamp="2024-12-18T08:22:27 IST" skipped="0">
  <testcase classname="TestNG.DataProviderEx3" name="bookTickets" time="0.001"/>
  <system-out/>
  <testcase classname="TestNG.DataProviderEx3" name="bookTickets" time="0.001"/>
  <system-out/>
  <testcase classname="TestNG.DataProviderEx3" name="bookTickets" time="0.015"/>
  <system-out/>
</testsuite> <!-- TestNG.DataProviderEx3 -->
