<?xml version="1.0" encoding="UTF-8"?>
<!-- Generated by org.testng.reporters.JUnitReportReporter -->
<testsuite hostname="veereshangadi" failures="0" tests="1" name="Assignment" time="50.729" errors="0" timestamp="2024-12-04T20:09:26 IST" skipped="0">
  <testcase classname="Assignment" name="Assignment" time="50.729"/>
  <system-out/>
</testsuite> <!-- Assignment -->
