<?xml version="1.0" encoding="UTF-8"?>
<!-- Generated by org.testng.reporters.JUnitReportReporter -->
<testsuite hostname="veereshangadi" failures="0" tests="3" name="TestNG.SampleTest1" time="0.049" errors="0" timestamp="2024-12-21T08:00:48 IST" skipped="0">
  <testcase classname="TestNG.SampleTest1" name="CreateContact" time="0.037"/>
  <system-out/>
  <testcase classname="TestNG.SampleTest1" name="ModifyContact" time="0.007"/>
  <system-out/>
  <testcase classname="TestNG.SampleTest1" name="DeleteContact" time="0.005"/>
  <system-out/>
</testsuite> <!-- TestNG.SampleTest1 -->
