<?xml version="1.0" encoding="UTF-8"?>
<!-- Generated by org.testng.reporters.JUnitReportReporter -->
<testsuite hostname="veereshangadi" failures="0" tests="3" name="TestNG.SampleTest" time="0.020" errors="0" timestamp="2024-12-03T20:35:03 IST" skipped="0">
  <testcase classname="TestNG.SampleTest" name="deleteContact" time="0.003"/>
  <system-out/>
  <testcase classname="TestNG.SampleTest" name="createContact" time="0.016"/>
  <system-out/>
  <testcase classname="TestNG.SampleTest" name="modifyContact" time="0.001"/>
  <system-out/>
</testsuite> <!-- TestNG.SampleTest -->
