<?xml version="1.0" encoding="UTF-8"?>
<!-- Generated by org.testng.reporters.JUnitReportReporter -->
<testsuite hostname="veereshangadi" failures="0" tests="1" name="TestNG.SampleTest3" time="0.003" errors="0" timestamp="2024-12-21T08:00:48 IST" skipped="0">
  <testcase classname="TestNG.SampleTest3" name="CreateContact" time="0.003"/>
  <system-out/>
</testsuite> <!-- TestNG.SampleTest3 -->
