<?xml version="1.0" encoding="UTF-8"?>
<!-- Generated by org.testng.reporters.JUnitReportReporter -->
<testsuite hostname="veereshangadi" failures="0" tests="1" name="TestNG.TakeScreenshotEx" time="25.565" errors="0" timestamp="2024-12-05T20:15:40 IST" skipped="0">
  <testcase classname="TestNG.TakeScreenshotEx" name="m1" time="25.565"/>
  <system-out/>
</testsuite> <!-- TestNG.TakeScreenshotEx -->
